{"/Users/siddharth_sharma/Exercises/eval2redo/company-score-calculator/src/controllers/companyController.js": {"path":"/Users/siddharth_sharma/Exercises/eval2redo/company-score-calculator/src/controllers/companyController.js","statementMap":{"0":{"start":{"line":1,"column":23},"end":{"line":1,"column":60}},"1":{"start":{"line":2,"column":19},"end":{"line":2,"column":50}},"2":{"start":{"line":4,"column":17},"end":{"line":16,"column":1}},"3":{"start":{"line":5,"column":2},"end":{"line":15,"column":3}},"4":{"start":{"line":7,"column":16},"end":{"line":7,"column":32}},"5":{"start":{"line":8,"column":4},"end":{"line":8,"column":71}},"6":{"start":{"line":8,"column":26},"end":{"line":8,"column":71}},"7":{"start":{"line":9,"column":4},"end":{"line":9,"column":61}},"8":{"start":{"line":11,"column":4},"end":{"line":13,"column":5}},"9":{"start":{"line":12,"column":6},"end":{"line":12,"column":60}},"10":{"start":{"line":14,"column":4},"end":{"line":14,"column":51}},"11":{"start":{"line":18,"column":33},"end":{"line":31,"column":1}},"12":{"start":{"line":19,"column":2},"end":{"line":30,"column":3}},"13":{"start":{"line":21,"column":19},"end":{"line":21,"column":35}},"14":{"start":{"line":22,"column":4},"end":{"line":22,"column":72}},"15":{"start":{"line":22,"column":24},"end":{"line":22,"column":72}},"16":{"start":{"line":23,"column":25},"end":{"line":23,"column":78}},"17":{"start":{"line":24,"column":4},"end":{"line":24,"column":39}},"18":{"start":{"line":26,"column":4},"end":{"line":28,"column":5}},"19":{"start":{"line":27,"column":6},"end":{"line":27,"column":60}},"20":{"start":{"line":29,"column":4},"end":{"line":29,"column":51}},"21":{"start":{"line":33,"column":26},"end":{"line":46,"column":1}},"22":{"start":{"line":34,"column":2},"end":{"line":44,"column":3}},"23":{"start":{"line":36,"column":22},"end":{"line":36,"column":42}},"24":{"start":{"line":37,"column":4},"end":{"line":37,"column":78}},"25":{"start":{"line":37,"column":27},"end":{"line":37,"column":78}},"26":{"start":{"line":38,"column":4},"end":{"line":38,"column":86}},"27":{"start":{"line":40,"column":4},"end":{"line":42,"column":5}},"28":{"start":{"line":41,"column":6},"end":{"line":41,"column":60}},"29":{"start":{"line":43,"column":4},"end":{"line":43,"column":51}},"30":{"start":{"line":48,"column":0},"end":{"line":50,"column":22}}},"fnMap":{"0":{"name":"(anonymous_0)","decl":{"start":{"line":4,"column":17},"end":{"line":4,"column":18}},"loc":{"start":{"line":4,"column":37},"end":{"line":16,"column":1}},"line":4},"1":{"name":"(anonymous_1)","decl":{"start":{"line":18,"column":33},"end":{"line":18,"column":34}},"loc":{"start":{"line":18,"column":53},"end":{"line":31,"column":1}},"line":18},"2":{"name":"(anonymous_2)","decl":{"start":{"line":33,"column":26},"end":{"line":33,"column":27}},"loc":{"start":{"line":33,"column":46},"end":{"line":46,"column":1}},"line":33}},"branchMap":{"0":{"loc":{"start":{"line":8,"column":4},"end":{"line":8,"column":71}},"type":"if","locations":[{"start":{"line":8,"column":4},"end":{"line":8,"column":71}},{"start":{},"end":{}}],"line":8},"1":{"loc":{"start":{"line":11,"column":4},"end":{"line":13,"column":5}},"type":"if","locations":[{"start":{"line":11,"column":4},"end":{"line":13,"column":5}},{"start":{},"end":{}}],"line":11},"2":{"loc":{"start":{"line":22,"column":4},"end":{"line":22,"column":72}},"type":"if","locations":[{"start":{"line":22,"column":4},"end":{"line":22,"column":72}},{"start":{},"end":{}}],"line":22},"3":{"loc":{"start":{"line":26,"column":4},"end":{"line":28,"column":5}},"type":"if","locations":[{"start":{"line":26,"column":4},"end":{"line":28,"column":5}},{"start":{},"end":{}}],"line":26},"4":{"loc":{"start":{"line":37,"column":4},"end":{"line":37,"column":78}},"type":"if","locations":[{"start":{"line":37,"column":4},"end":{"line":37,"column":78}},{"start":{},"end":{}}],"line":37},"5":{"loc":{"start":{"line":40,"column":4},"end":{"line":42,"column":5}},"type":"if","locations":[{"start":{"line":40,"column":4},"end":{"line":42,"column":5}},{"start":{},"end":{}}],"line":40}},"s":{"0":1,"1":1,"2":1,"3":3,"4":3,"5":2,"6":1,"7":1,"8":2,"9":1,"10":2,"11":1,"12":3,"13":3,"14":2,"15":1,"16":1,"17":1,"18":2,"19":1,"20":2,"21":1,"22":3,"23":3,"24":2,"25":1,"26":1,"27":2,"28":1,"29":2,"30":1},"f":{"0":3,"1":3,"2":3},"b":{"0":[1,1],"1":[1,1],"2":[1,1],"3":[1,1],"4":[1,1],"5":[1,1]},"_coverageSchema":"1a1c01bbd47fc00a2c39e90264f33305004495a9","hash":"2651a7f907079493edf949a97f3737cbef8c0eec"}
,"/Users/siddharth_sharma/Exercises/eval2redo/company-score-calculator/src/errors/HTTPErrors.js": {"path":"/Users/siddharth_sharma/Exercises/eval2redo/company-score-calculator/src/errors/HTTPErrors.js","statementMap":{"0":{"start":{"line":3,"column":4},"end":{"line":3,"column":19}},"1":{"start":{"line":4,"column":4},"end":{"line":4,"column":21}},"2":{"start":{"line":5,"column":4},"end":{"line":5,"column":27}},"3":{"start":{"line":9,"column":0},"end":{"line":9,"column":28}}},"fnMap":{"0":{"name":"(anonymous_0)","decl":{"start":{"line":2,"column":2},"end":{"line":2,"column":3}},"loc":{"start":{"line":2,"column":29},"end":{"line":6,"column":3}},"line":2}},"branchMap":{},"s":{"0":7,"1":7,"2":7,"3":2},"f":{"0":7},"b":{},"_coverageSchema":"1a1c01bbd47fc00a2c39e90264f33305004495a9","hash":"169d26baf5fc4caa44053ec42b04a9e7ac2279ec"}
,"/Users/siddharth_sharma/Exercises/eval2redo/company-score-calculator/src/middleware/companyValidator.js": {"path":"/Users/siddharth_sharma/Exercises/eval2redo/company-score-calculator/src/middleware/companyValidator.js","statementMap":{"0":{"start":{"line":1,"column":12},"end":{"line":1,"column":26}},"1":{"start":{"line":3,"column":19},"end":{"line":3,"column":50}},"2":{"start":{"line":5,"column":23},"end":{"line":7,"column":2}},"3":{"start":{"line":9,"column":25},"end":{"line":12,"column":2}},"4":{"start":{"line":14,"column":26},"end":{"line":31,"column":1}},"5":{"start":{"line":15,"column":2},"end":{"line":30,"column":3}},"6":{"start":{"line":16,"column":22},"end":{"line":16,"column":55}},"7":{"start":{"line":17,"column":4},"end":{"line":22,"column":5}},"8":{"start":{"line":18,"column":6},"end":{"line":18,"column":47}},"9":{"start":{"line":21,"column":6},"end":{"line":21,"column":13}},"10":{"start":{"line":25,"column":4},"end":{"line":29,"column":68}},"11":{"start":{"line":26,"column":6},"end":{"line":26,"column":60}},"12":{"start":{"line":29,"column":6},"end":{"line":29,"column":68}},"13":{"start":{"line":33,"column":28},"end":{"line":50,"column":1}},"14":{"start":{"line":34,"column":2},"end":{"line":49,"column":3}},"15":{"start":{"line":35,"column":22},"end":{"line":35,"column":57}},"16":{"start":{"line":36,"column":4},"end":{"line":41,"column":5}},"17":{"start":{"line":37,"column":6},"end":{"line":37,"column":47}},"18":{"start":{"line":40,"column":6},"end":{"line":40,"column":13}},"19":{"start":{"line":44,"column":4},"end":{"line":48,"column":68}},"20":{"start":{"line":45,"column":6},"end":{"line":45,"column":60}},"21":{"start":{"line":48,"column":6},"end":{"line":48,"column":68}},"22":{"start":{"line":52,"column":0},"end":{"line":52,"column":60}}},"fnMap":{"0":{"name":"(anonymous_0)","decl":{"start":{"line":14,"column":26},"end":{"line":14,"column":27}},"loc":{"start":{"line":14,"column":46},"end":{"line":31,"column":1}},"line":14},"1":{"name":"(anonymous_1)","decl":{"start":{"line":33,"column":28},"end":{"line":33,"column":29}},"loc":{"start":{"line":33,"column":48},"end":{"line":50,"column":1}},"line":33}},"branchMap":{"0":{"loc":{"start":{"line":17,"column":4},"end":{"line":22,"column":5}},"type":"if","locations":[{"start":{"line":17,"column":4},"end":{"line":22,"column":5}},{"start":{"line":20,"column":9},"end":{"line":22,"column":5}}],"line":17},"1":{"loc":{"start":{"line":25,"column":4},"end":{"line":29,"column":68}},"type":"if","locations":[{"start":{"line":25,"column":4},"end":{"line":29,"column":68}},{"start":{"line":29,"column":6},"end":{"line":29,"column":68}}],"line":25},"2":{"loc":{"start":{"line":36,"column":4},"end":{"line":41,"column":5}},"type":"if","locations":[{"start":{"line":36,"column":4},"end":{"line":41,"column":5}},{"start":{"line":39,"column":9},"end":{"line":41,"column":5}}],"line":36},"3":{"loc":{"start":{"line":44,"column":4},"end":{"line":48,"column":68}},"type":"if","locations":[{"start":{"line":44,"column":4},"end":{"line":48,"column":68}},{"start":{"line":48,"column":6},"end":{"line":48,"column":68}}],"line":44}},"s":{"0":1,"1":1,"2":1,"3":1,"4":1,"5":4,"6":4,"7":4,"8":2,"9":2,"10":3,"11":2,"12":1,"13":1,"14":4,"15":4,"16":4,"17":2,"18":2,"19":3,"20":2,"21":1,"22":1},"f":{"0":4,"1":4},"b":{"0":[2,2],"1":[2,1],"2":[2,2],"3":[2,1]},"_coverageSchema":"1a1c01bbd47fc00a2c39e90264f33305004495a9","hash":"9af3a5a5bee939c579321bf90357dda5fb62104f"}
,"/Users/siddharth_sharma/Exercises/eval2redo/company-score-calculator/src/models/company.js": {"path":"/Users/siddharth_sharma/Exercises/eval2redo/company-score-calculator/src/models/company.js","statementMap":{"0":{"start":{"line":4,"column":4},"end":{"line":4,"column":24}},"1":{"start":{"line":5,"column":0},"end":{"line":29,"column":2}},"2":{"start":{"line":16,"column":2},"end":{"line":27,"column":5}},"3":{"start":{"line":28,"column":2},"end":{"line":28,"column":17}}},"fnMap":{"0":{"name":"(anonymous_0)","decl":{"start":{"line":5,"column":17},"end":{"line":5,"column":18}},"loc":{"start":{"line":5,"column":43},"end":{"line":29,"column":1}},"line":5},"1":{"name":"(anonymous_1)","decl":{"start":{"line":12,"column":4},"end":{"line":12,"column":5}},"loc":{"start":{"line":12,"column":29},"end":{"line":14,"column":5}},"line":12}},"branchMap":{},"s":{"0":2,"1":2,"2":2,"3":2},"f":{"0":2,"1":2},"b":{},"_coverageSchema":"1a1c01bbd47fc00a2c39e90264f33305004495a9","hash":"d77fad3f489898befb18ff40ea275fc932bd85d3"}
,"/Users/siddharth_sharma/Exercises/eval2redo/company-score-calculator/src/models/index.js": {"path":"/Users/siddharth_sharma/Exercises/eval2redo/company-score-calculator/src/models/index.js","statementMap":{"0":{"start":{"line":3,"column":11},"end":{"line":3,"column":24}},"1":{"start":{"line":4,"column":13},"end":{"line":4,"column":28}},"2":{"start":{"line":5,"column":18},"end":{"line":5,"column":38}},"3":{"start":{"line":6,"column":16},"end":{"line":6,"column":34}},"4":{"start":{"line":7,"column":17},"end":{"line":7,"column":42}},"5":{"start":{"line":8,"column":12},"end":{"line":8,"column":49}},"6":{"start":{"line":9,"column":15},"end":{"line":9,"column":77}},"7":{"start":{"line":10,"column":11},"end":{"line":10,"column":13}},"8":{"start":{"line":13,"column":0},"end":{"line":17,"column":1}},"9":{"start":{"line":14,"column":2},"end":{"line":14,"column":74}},"10":{"start":{"line":16,"column":2},"end":{"line":16,"column":87}},"11":{"start":{"line":19,"column":0},"end":{"line":32,"column":5}},"12":{"start":{"line":22,"column":4},"end":{"line":27,"column":6}},"13":{"start":{"line":30,"column":18},"end":{"line":30,"column":85}},"14":{"start":{"line":31,"column":4},"end":{"line":31,"column":27}},"15":{"start":{"line":34,"column":0},"end":{"line":38,"column":3}},"16":{"start":{"line":35,"column":2},"end":{"line":37,"column":3}},"17":{"start":{"line":36,"column":4},"end":{"line":36,"column":32}},"18":{"start":{"line":40,"column":0},"end":{"line":40,"column":25}},"19":{"start":{"line":41,"column":0},"end":{"line":41,"column":25}},"20":{"start":{"line":43,"column":0},"end":{"line":43,"column":20}}},"fnMap":{"0":{"name":"(anonymous_0)","decl":{"start":{"line":21,"column":10},"end":{"line":21,"column":11}},"loc":{"start":{"line":21,"column":18},"end":{"line":28,"column":3}},"line":21},"1":{"name":"(anonymous_1)","decl":{"start":{"line":29,"column":11},"end":{"line":29,"column":12}},"loc":{"start":{"line":29,"column":19},"end":{"line":32,"column":3}},"line":29},"2":{"name":"(anonymous_2)","decl":{"start":{"line":34,"column":24},"end":{"line":34,"column":25}},"loc":{"start":{"line":34,"column":37},"end":{"line":38,"column":1}},"line":34}},"branchMap":{"0":{"loc":{"start":{"line":8,"column":12},"end":{"line":8,"column":49}},"type":"binary-expr","locations":[{"start":{"line":8,"column":12},"end":{"line":8,"column":32}},{"start":{"line":8,"column":36},"end":{"line":8,"column":49}}],"line":8},"1":{"loc":{"start":{"line":13,"column":0},"end":{"line":17,"column":1}},"type":"if","locations":[{"start":{"line":13,"column":0},"end":{"line":17,"column":1}},{"start":{"line":15,"column":7},"end":{"line":17,"column":1}}],"line":13},"2":{"loc":{"start":{"line":23,"column":6},"end":{"line":26,"column":37}},"type":"binary-expr","locations":[{"start":{"line":23,"column":6},"end":{"line":23,"column":29}},{"start":{"line":24,"column":6},"end":{"line":24,"column":23}},{"start":{"line":25,"column":6},"end":{"line":25,"column":30}},{"start":{"line":26,"column":6},"end":{"line":26,"column":37}}],"line":23},"3":{"loc":{"start":{"line":35,"column":2},"end":{"line":37,"column":3}},"type":"if","locations":[{"start":{"line":35,"column":2},"end":{"line":37,"column":3}},{"start":{},"end":{}}],"line":35}},"s":{"0":2,"1":2,"2":2,"3":2,"4":2,"5":2,"6":2,"7":2,"8":2,"9":0,"10":2,"11":2,"12":4,"13":2,"14":2,"15":2,"16":2,"17":2,"18":2,"19":2,"20":2},"f":{"0":4,"1":2,"2":2},"b":{"0":[2,0],"1":[0,2],"2":[4,4,2,2],"3":[2,0]},"_coverageSchema":"1a1c01bbd47fc00a2c39e90264f33305004495a9","hash":"9c3c17bd7e1672874e643abf95b2544750b08d3d"}
,"/Users/siddharth_sharma/Exercises/eval2redo/company-score-calculator/src/services/companyService.js": {"path":"/Users/siddharth_sharma/Exercises/eval2redo/company-score-calculator/src/services/companyService.js","statementMap":{"0":{"start":{"line":1,"column":18},"end":{"line":1,"column":38}},"1":{"start":{"line":3,"column":20},"end":{"line":3,"column":40}},"2":{"start":{"line":4,"column":28},"end":{"line":4,"column":63}},"3":{"start":{"line":6,"column":28},"end":{"line":28,"column":1}},"4":{"start":{"line":7,"column":19},"end":{"line":9,"column":4}},"5":{"start":{"line":10,"column":15},"end":{"line":10,"column":36}},"6":{"start":{"line":11,"column":15},"end":{"line":11,"column":49}},"7":{"start":{"line":12,"column":25},"end":{"line":12,"column":27}},"8":{"start":{"line":13,"column":2},"end":{"line":26,"column":3}},"9":{"start":{"line":14,"column":16},"end":{"line":14,"column":58}},"10":{"start":{"line":15,"column":24},"end":{"line":17,"column":14}},"11":{"start":{"line":19,"column":4},"end":{"line":25,"column":7}},"12":{"start":{"line":27,"column":2},"end":{"line":27,"column":50}},"13":{"start":{"line":30,"column":32},"end":{"line":56,"column":1}},"14":{"start":{"line":31,"column":29},"end":{"line":31,"column":31}},"15":{"start":{"line":32,"column":18},"end":{"line":40,"column":3}},"16":{"start":{"line":41,"column":2},"end":{"line":54,"column":3}},"17":{"start":{"line":42,"column":4},"end":{"line":42,"column":40}},"18":{"start":{"line":42,"column":31},"end":{"line":42,"column":40}},"19":{"start":{"line":43,"column":16},"end":{"line":43,"column":59}},"20":{"start":{"line":45,"column":21},"end":{"line":47,"column":14}},"21":{"start":{"line":48,"column":4},"end":{"line":53,"column":5}},"22":{"start":{"line":49,"column":6},"end":{"line":52,"column":9}},"23":{"start":{"line":55,"column":2},"end":{"line":55,"column":28}},"24":{"start":{"line":59,"column":17},"end":{"line":70,"column":1}},"25":{"start":{"line":60,"column":33},"end":{"line":60,"column":63}},"26":{"start":{"line":61,"column":29},"end":{"line":61,"column":60}},"27":{"start":{"line":62,"column":2},"end":{"line":67,"column":3}},"28":{"start":{"line":63,"column":4},"end":{"line":66,"column":6}},"29":{"start":{"line":68,"column":2},"end":{"line":68,"column":92}},"30":{"start":{"line":72,"column":33},"end":{"line":94,"column":1}},"31":{"start":{"line":73,"column":22},"end":{"line":78,"column":4}},"32":{"start":{"line":79,"column":29},"end":{"line":87,"column":4}},"33":{"start":{"line":80,"column":4},"end":{"line":80,"column":22}},"34":{"start":{"line":81,"column":4},"end":{"line":86,"column":6}},"35":{"start":{"line":89,"column":2},"end":{"line":93,"column":5}},"36":{"start":{"line":90,"column":4},"end":{"line":92,"column":5}},"37":{"start":{"line":91,"column":6},"end":{"line":91,"column":16}},"38":{"start":{"line":96,"column":26},"end":{"line":104,"column":1}},"39":{"start":{"line":97,"column":18},"end":{"line":102,"column":4}},"40":{"start":{"line":103,"column":2},"end":{"line":103,"column":17}},"41":{"start":{"line":107,"column":0},"end":{"line":109,"column":22}}},"fnMap":{"0":{"name":"(anonymous_0)","decl":{"start":{"line":6,"column":28},"end":{"line":6,"column":29}},"loc":{"start":{"line":6,"column":43},"end":{"line":28,"column":1}},"line":6},"1":{"name":"(anonymous_1)","decl":{"start":{"line":30,"column":32},"end":{"line":30,"column":33}},"loc":{"start":{"line":30,"column":44},"end":{"line":56,"column":1}},"line":30},"2":{"name":"(anonymous_2)","decl":{"start":{"line":59,"column":17},"end":{"line":59,"column":18}},"loc":{"start":{"line":59,"column":32},"end":{"line":70,"column":1}},"line":59},"3":{"name":"(anonymous_3)","decl":{"start":{"line":72,"column":33},"end":{"line":72,"column":34}},"loc":{"start":{"line":72,"column":51},"end":{"line":94,"column":1}},"line":72},"4":{"name":"(anonymous_4)","decl":{"start":{"line":79,"column":45},"end":{"line":79,"column":46}},"loc":{"start":{"line":79,"column":55},"end":{"line":87,"column":3}},"line":79},"5":{"name":"(anonymous_5)","decl":{"start":{"line":89,"column":33},"end":{"line":89,"column":34}},"loc":{"start":{"line":89,"column":54},"end":{"line":93,"column":3}},"line":89},"6":{"name":"(anonymous_6)","decl":{"start":{"line":96,"column":26},"end":{"line":96,"column":27}},"loc":{"start":{"line":96,"column":59},"end":{"line":104,"column":1}},"line":96}},"branchMap":{"0":{"loc":{"start":{"line":42,"column":4},"end":{"line":42,"column":40}},"type":"if","locations":[{"start":{"line":42,"column":4},"end":{"line":42,"column":40}},{"start":{},"end":{}}],"line":42},"1":{"loc":{"start":{"line":90,"column":4},"end":{"line":92,"column":5}},"type":"if","locations":[{"start":{"line":90,"column":4},"end":{"line":92,"column":5}},{"start":{},"end":{}}],"line":90}},"s":{"0":2,"1":2,"2":2,"3":2,"4":0,"5":0,"6":0,"7":0,"8":0,"9":0,"10":0,"11":0,"12":0,"13":2,"14":0,"15":0,"16":0,"17":0,"18":0,"19":0,"20":0,"21":0,"22":0,"23":0,"24":2,"25":0,"26":0,"27":0,"28":0,"29":0,"30":2,"31":0,"32":0,"33":0,"34":0,"35":0,"36":0,"37":0,"38":2,"39":0,"40":0,"41":2},"f":{"0":0,"1":0,"2":0,"3":0,"4":0,"5":0,"6":0},"b":{"0":[0,0],"1":[0,0]},"_coverageSchema":"1a1c01bbd47fc00a2c39e90264f33305004495a9","hash":"aacd4b3d973436c1df9baa39c809f7386c348def"}
,"/Users/siddharth_sharma/Exercises/eval2redo/company-score-calculator/src/utils/scoreCalculator.js": {"path":"/Users/siddharth_sharma/Exercises/eval2redo/company-score-calculator/src/utils/scoreCalculator.js","statementMap":{"0":{"start":{"line":1,"column":24},"end":{"line":7,"column":1}},"1":{"start":{"line":2,"column":22},"end":{"line":2,"column":24}},"2":{"start":{"line":3,"column":2},"end":{"line":5,"column":3}},"3":{"start":{"line":3,"column":15},"end":{"line":3,"column":16}},"4":{"start":{"line":4,"column":4},"end":{"line":4,"column":69}},"5":{"start":{"line":6,"column":2},"end":{"line":6,"column":109}},"6":{"start":{"line":9,"column":0},"end":{"line":9,"column":37}}},"fnMap":{"0":{"name":"(anonymous_0)","decl":{"start":{"line":1,"column":24},"end":{"line":1,"column":25}},"loc":{"start":{"line":1,"column":46},"end":{"line":7,"column":1}},"line":1}},"branchMap":{},"s":{"0":3,"1":1,"2":1,"3":1,"4":4,"5":1,"6":3},"f":{"0":1},"b":{},"_coverageSchema":"1a1c01bbd47fc00a2c39e90264f33305004495a9","hash":"0c11e7ad61914471f2ff27ddfc89802134ff5953"}
}
