TN:
SF:src/controllers/companyController.js
FN:4,(anonymous_0)
FN:18,(anonymous_1)
FN:33,(anonymous_2)
FNF:3
FNH:3
FNDA:3,(anonymous_0)
FNDA:3,(anonymous_1)
FNDA:3,(anonymous_2)
DA:1,1
DA:2,1
DA:4,1
DA:5,3
DA:7,3
DA:8,2
DA:9,1
DA:11,2
DA:12,1
DA:14,2
DA:18,1
DA:19,3
DA:21,3
DA:22,2
DA:23,1
DA:24,1
DA:26,2
DA:27,1
DA:29,2
DA:33,1
DA:34,3
DA:36,3
DA:37,2
DA:38,1
DA:40,2
DA:41,1
DA:43,2
DA:48,1
LF:28
LH:28
BRDA:8,0,0,1
BRDA:8,0,1,1
BRDA:11,1,0,1
BRDA:11,1,1,1
BRDA:22,2,0,1
BRDA:22,2,1,1
BRDA:26,3,0,1
BRDA:26,3,1,1
BRDA:37,4,0,1
BRDA:37,4,1,1
BRDA:40,5,0,1
BRDA:40,5,1,1
BRF:12
BRH:12
end_of_record
TN:
SF:src/errors/HTTPErrors.js
FN:2,(anonymous_0)
FNF:1
FNH:1
FNDA:7,(anonymous_0)
DA:3,7
DA:4,7
DA:5,7
DA:9,2
LF:4
LH:4
BRF:0
BRH:0
end_of_record
TN:
SF:src/middleware/companyValidator.js
FN:14,(anonymous_0)
FN:33,(anonymous_1)
FNF:2
FNH:2
FNDA:4,(anonymous_0)
FNDA:4,(anonymous_1)
DA:1,1
DA:3,1
DA:5,1
DA:9,1
DA:14,1
DA:15,4
DA:16,4
DA:17,4
DA:18,2
DA:21,2
DA:25,3
DA:26,2
DA:29,1
DA:33,1
DA:34,4
DA:35,4
DA:36,4
DA:37,2
DA:40,2
DA:44,3
DA:45,2
DA:48,1
DA:52,1
LF:23
LH:23
BRDA:17,0,0,2
BRDA:17,0,1,2
BRDA:25,1,0,2
BRDA:25,1,1,1
BRDA:36,2,0,2
BRDA:36,2,1,2
BRDA:44,3,0,2
BRDA:44,3,1,1
BRF:8
BRH:8
end_of_record
TN:
SF:src/models/company.js
FN:5,(anonymous_0)
FN:12,(anonymous_1)
FNF:2
FNH:2
FNDA:2,(anonymous_0)
FNDA:2,(anonymous_1)
DA:4,2
DA:5,2
DA:16,2
DA:28,2
LF:4
LH:4
BRF:0
BRH:0
end_of_record
TN:
SF:src/models/index.js
FN:21,(anonymous_0)
FN:29,(anonymous_1)
FN:34,(anonymous_2)
FNF:3
FNH:3
FNDA:4,(anonymous_0)
FNDA:2,(anonymous_1)
FNDA:2,(anonymous_2)
DA:3,2
DA:4,2
DA:5,2
DA:6,2
DA:7,2
DA:8,2
DA:9,2
DA:10,2
DA:13,2
DA:14,0
DA:16,2
DA:19,2
DA:22,4
DA:30,2
DA:31,2
DA:34,2
DA:35,2
DA:36,2
DA:40,2
DA:41,2
DA:43,2
LF:21
LH:20
BRDA:8,0,0,2
BRDA:8,0,1,0
BRDA:13,1,0,0
BRDA:13,1,1,2
BRDA:23,2,0,4
BRDA:23,2,1,4
BRDA:23,2,2,2
BRDA:23,2,3,2
BRDA:35,3,0,2
BRDA:35,3,1,0
BRF:10
BRH:7
end_of_record
TN:
SF:src/services/companyService.js
FN:7,(anonymous_0)
FN:20,(anonymous_1)
FN:27,(anonymous_2)
FN:37,(anonymous_3)
FN:44,(anonymous_4)
FNF:5
FNH:0
FNDA:0,(anonymous_0)
FNDA:0,(anonymous_1)
FNDA:0,(anonymous_2)
FNDA:0,(anonymous_3)
FNDA:0,(anonymous_4)
DA:2,2
DA:3,2
DA:5,2
DA:7,2
DA:8,0
DA:9,0
DA:10,0
DA:11,0
DA:16,0
DA:20,2
DA:21,0
DA:27,0
DA:28,0
DA:29,0
DA:37,0
DA:38,0
DA:39,0
DA:44,2
DA:45,0
DA:51,0
DA:55,2
LF:21
LH:7
BRDA:38,0,0,0
BRDA:38,0,1,0
BRF:2
BRH:0
end_of_record
TN:
SF:src/utils/scoreCalculator.js
FN:1,(anonymous_0)
FNF:1
FNH:1
FNDA:1,(anonymous_0)
DA:1,3
DA:2,1
DA:3,1
DA:4,4
DA:6,1
DA:9,3
LF:6
LH:6
BRF:0
BRH:0
end_of_record
TN:
SF:src/utils/serviceUtils.js
FN:6,(anonymous_0)
FN:30,(anonymous_1)
FNF:2
FNH:0
FNDA:0,(anonymous_0)
FNDA:0,(anonymous_1)
DA:2,2
DA:3,2
DA:4,2
DA:6,2
DA:7,0
DA:10,0
DA:11,0
DA:12,0
DA:13,0
DA:14,0
DA:15,0
DA:19,0
DA:27,0
DA:30,2
DA:31,0
DA:32,0
DA:41,0
DA:42,0
DA:43,0
DA:45,0
DA:48,0
DA:49,0
DA:55,0
DA:59,2
LF:24
LH:6
BRDA:42,0,0,0
BRDA:42,0,1,0
BRF:2
BRH:0
end_of_record
